2020-05-31 00:06:00.365  INFO 6468 --- [http-nio-9083-exec-1] c.t.a.security.JwtAuthorizationFilter    : Start
2020-05-31 00:06:10.170 DEBUG 6468 --- [http-nio-9083-exec-1] org.hibernate.SQL                        : select * from user where username = ?
2020-05-31 00:06:11.507 TRACE 6468 --- [http-nio-9083-exec-1] o.h.type.descriptor.sql.BasicBinder      : binding parameter [1] as [VARCHAR] - [ven]
2020-05-31 00:06:13.869  INFO 6468 --- [http-nio-9083-exec-2] c.t.a.security.JwtAuthorizationFilter    : Start
2020-05-31 00:06:13.997 DEBUG 6468 --- [http-nio-9083-exec-2] org.hibernate.SQL                        : select * from user where username = ?
2020-05-31 00:06:14.009 TRACE 6468 --- [http-nio-9083-exec-2] o.h.type.descriptor.sql.BasicBinder      : binding parameter [1] as [VARCHAR] - [ven]
2020-05-31 00:06:53.064  INFO 6468 --- [http-nio-9083-exec-5] c.t.a.security.JwtAuthorizationFilter    : Start
2020-05-31 00:06:55.900 DEBUG 6468 --- [http-nio-9083-exec-5] org.hibernate.SQL                        : select * from user where username = ?
2020-05-31 00:06:56.590 TRACE 6468 --- [http-nio-9083-exec-5] o.h.type.descriptor.sql.BasicBinder      : binding parameter [1] as [VARCHAR] - [andy]
2020-05-31 00:06:57.844 DEBUG 6468 --- [http-nio-9083-exec-5] org.hibernate.SQL                        : insert into user (address, email, password, username) values (?, ?, ?, ?)
2020-05-31 00:06:58.114 TRACE 6468 --- [http-nio-9083-exec-5] o.h.type.descriptor.sql.BasicBinder      : binding parameter [1] as [VARCHAR] - [bang]
2020-05-31 00:06:58.115 TRACE 6468 --- [http-nio-9083-exec-5] o.h.type.descriptor.sql.BasicBinder      : binding parameter [2] as [VARCHAR] - [a@ga.com]
2020-05-31 00:06:58.116 TRACE 6468 --- [http-nio-9083-exec-5] o.h.type.descriptor.sql.BasicBinder      : binding parameter [3] as [VARCHAR] - [$2a$10$ss8lN6tLO1iFnF8Oo8wP5u8dnnW8pvyrM1qrPIthijFMkk9hD7NIG]
2020-05-31 00:06:58.116 TRACE 6468 --- [http-nio-9083-exec-5] o.h.type.descriptor.sql.BasicBinder      : binding parameter [4] as [VARCHAR] - [andy]
2020-05-31 00:06:59.357  INFO 6468 --- [http-nio-9083-exec-5] c.t.a.security.JwtAuthorizationFilter    : End
2020-05-31 00:07:20.654  INFO 6468 --- [http-nio-9083-exec-6] c.t.a.security.JwtAuthorizationFilter    : Start
2020-05-31 00:07:20.677 DEBUG 6468 --- [http-nio-9083-exec-6] org.hibernate.SQL                        : select * from user where username = ?
2020-05-31 00:07:20.679 TRACE 6468 --- [http-nio-9083-exec-6] o.h.type.descriptor.sql.BasicBinder      : binding parameter [1] as [VARCHAR] - [venu]
2020-05-31 00:07:20.740 TRACE 6468 --- [http-nio-9083-exec-6] o.h.type.descriptor.sql.BasicExtractor   : extracted value ([id] : [INTEGER]) - [1]
2020-05-31 00:07:20.842 TRACE 6468 --- [http-nio-9083-exec-6] o.h.type.descriptor.sql.BasicExtractor   : extracted value ([address] : [VARCHAR]) - [vij]
2020-05-31 00:07:20.895 TRACE 6468 --- [http-nio-9083-exec-6] o.h.type.descriptor.sql.BasicExtractor   : extracted value ([email] : [VARCHAR]) - [venu@gmail.com]
2020-05-31 00:07:20.896 TRACE 6468 --- [http-nio-9083-exec-6] o.h.type.descriptor.sql.BasicExtractor   : extracted value ([password] : [VARCHAR]) - [$2a$10$jdHfZvQOBC/cShPSQHI4WeBI8ukyS7ABVgpEKcGRN8vUvC7FZecQi]
2020-05-31 00:07:20.897 TRACE 6468 --- [http-nio-9083-exec-6] o.h.type.descriptor.sql.BasicExtractor   : extracted value ([username] : [VARCHAR]) - [venu]
2020-05-31 00:07:21.773  INFO 6468 --- [http-nio-9083-exec-8] c.t.a.security.JwtAuthorizationFilter    : Start
2020-05-31 00:07:22.425 DEBUG 6468 --- [http-nio-9083-exec-8] org.hibernate.SQL                        : select article0_.id as id1_0_, article0_.author as author2_0_, article0_.body as body3_0_, article0_.title as title4_0_, article0_.fk_user_id as fk_user_5_0_ from article article0_
2020-05-31 00:07:22.606 TRACE 6468 --- [http-nio-9083-exec-8] o.h.type.descriptor.sql.BasicExtractor   : extracted value ([id1_0_] : [INTEGER]) - [1]
2020-05-31 00:07:22.607 TRACE 6468 --- [http-nio-9083-exec-8] o.h.type.descriptor.sql.BasicExtractor   : extracted value ([author2_0_] : [VARCHAR]) - [venu]
2020-05-31 00:07:22.607 TRACE 6468 --- [http-nio-9083-exec-8] o.h.type.descriptor.sql.BasicExtractor   : extracted value ([body3_0_] : [VARCHAR]) - [goog]
2020-05-31 00:07:22.608 TRACE 6468 --- [http-nio-9083-exec-8] o.h.type.descriptor.sql.BasicExtractor   : extracted value ([title4_0_] : [VARCHAR]) - [good]
2020-05-31 00:07:22.608 TRACE 6468 --- [http-nio-9083-exec-8] o.h.type.descriptor.sql.BasicExtractor   : extracted value ([fk_user_5_0_] : [INTEGER]) - [null]
2020-05-31 00:07:22.743  INFO 6468 --- [http-nio-9083-exec-8] c.t.a.security.JwtAuthorizationFilter    : End
2020-05-31 00:07:52.608  INFO 6468 --- [http-nio-9083-exec-10] c.t.a.security.JwtAuthorizationFilter    : Start
2020-05-31 00:07:52.680 DEBUG 6468 --- [http-nio-9083-exec-10] org.hibernate.SQL                        : insert into article (author, body, title, fk_user_id) values (?, ?, ?, ?)
2020-05-31 00:07:52.725 TRACE 6468 --- [http-nio-9083-exec-10] o.h.type.descriptor.sql.BasicBinder      : binding parameter [1] as [VARCHAR] - [venu]
2020-05-31 00:07:52.726 TRACE 6468 --- [http-nio-9083-exec-10] o.h.type.descriptor.sql.BasicBinder      : binding parameter [2] as [VARCHAR] - [my is name is andy]
2020-05-31 00:07:52.727 TRACE 6468 --- [http-nio-9083-exec-10] o.h.type.descriptor.sql.BasicBinder      : binding parameter [3] as [VARCHAR] - [title]
2020-05-31 00:07:52.734 TRACE 6468 --- [http-nio-9083-exec-10] o.h.type.descriptor.sql.BasicBinder      : binding parameter [4] as [INTEGER] - [null]
2020-05-31 00:07:52.895  INFO 6468 --- [http-nio-9083-exec-10] c.t.a.security.JwtAuthorizationFilter    : End
2020-05-31 00:07:54.631  INFO 6468 --- [http-nio-9083-exec-1] c.t.a.security.JwtAuthorizationFilter    : Start
2020-05-31 00:07:54.651 DEBUG 6468 --- [http-nio-9083-exec-1] org.hibernate.SQL                        : select article0_.id as id1_0_, article0_.author as author2_0_, article0_.body as body3_0_, article0_.title as title4_0_, article0_.fk_user_id as fk_user_5_0_ from article article0_
2020-05-31 00:07:54.659 TRACE 6468 --- [http-nio-9083-exec-1] o.h.type.descriptor.sql.BasicExtractor   : extracted value ([id1_0_] : [INTEGER]) - [1]
2020-05-31 00:07:54.660 TRACE 6468 --- [http-nio-9083-exec-1] o.h.type.descriptor.sql.BasicExtractor   : extracted value ([author2_0_] : [VARCHAR]) - [venu]
2020-05-31 00:07:54.661 TRACE 6468 --- [http-nio-9083-exec-1] o.h.type.descriptor.sql.BasicExtractor   : extracted value ([body3_0_] : [VARCHAR]) - [goog]
2020-05-31 00:07:54.668 TRACE 6468 --- [http-nio-9083-exec-1] o.h.type.descriptor.sql.BasicExtractor   : extracted value ([title4_0_] : [VARCHAR]) - [good]
2020-05-31 00:07:54.669 TRACE 6468 --- [http-nio-9083-exec-1] o.h.type.descriptor.sql.BasicExtractor   : extracted value ([fk_user_5_0_] : [INTEGER]) - [null]
2020-05-31 00:07:54.670 TRACE 6468 --- [http-nio-9083-exec-1] o.h.type.descriptor.sql.BasicExtractor   : extracted value ([id1_0_] : [INTEGER]) - [2]
2020-05-31 00:07:54.671 TRACE 6468 --- [http-nio-9083-exec-1] o.h.type.descriptor.sql.BasicExtractor   : extracted value ([author2_0_] : [VARCHAR]) - [venu]
2020-05-31 00:07:54.684 TRACE 6468 --- [http-nio-9083-exec-1] o.h.type.descriptor.sql.BasicExtractor   : extracted value ([body3_0_] : [VARCHAR]) - [my is name is andy]
2020-05-31 00:07:54.684 TRACE 6468 --- [http-nio-9083-exec-1] o.h.type.descriptor.sql.BasicExtractor   : extracted value ([title4_0_] : [VARCHAR]) - [title]
2020-05-31 00:07:54.685 TRACE 6468 --- [http-nio-9083-exec-1] o.h.type.descriptor.sql.BasicExtractor   : extracted value ([fk_user_5_0_] : [INTEGER]) - [null]
2020-05-31 00:07:54.694  INFO 6468 --- [http-nio-9083-exec-1] c.t.a.security.JwtAuthorizationFilter    : End
